<?xml version="1.0" encoding="UTF-8"?>
<!-- Generated by org.testng.reporters.JUnitReportReporter -->
<testsuite hostname="Chaithra-Kota5" failures="0" tests="1" name="com.AppiumFramework.script.Multitouch" time="26.827" errors="0" timestamp="23 Oct 2019 04:47:32 GMT" skipped="0">
  <testcase classname="com.AppiumFramework.script.Multitouch" name="main" time="26.827"/>
</testsuite> <!-- com.AppiumFramework.script.Multitouch -->
