<?xml version="1.0" encoding="UTF-8"?>
<!-- Generated by org.testng.reporters.JUnitReportReporter -->
<testsuite hostname="Chaithra-Kota5" failures="0" tests="1" name="com.AppiumFramework.script.Calendar1" time="19.265" errors="0" timestamp="09 Jan 2020 12:34:08 GMT" skipped="0">
  <testcase classname="com.AppiumFramework.script.Calendar1" name="main" time="19.265"/>
</testsuite> <!-- com.AppiumFramework.script.Calendar1 -->
