<?xml version="1.0" encoding="UTF-8"?>
<!-- Generated by org.testng.reporters.JUnitReportReporter -->
<testsuite hostname="Chaithra-Kota5" failures="0" tests="1" name="com.AppiumFramework.script.Amazon" time="17.257" errors="0" timestamp="29 Nov 2019 11:15:59 GMT" skipped="0">
  <testcase classname="com.AppiumFramework.script.Amazon" name="main" time="17.257"/>
</testsuite> <!-- com.AppiumFramework.script.Amazon -->
