<?xml version="1.0" encoding="UTF-8"?>
<!-- Generated by org.testng.reporters.JUnitReportReporter -->
<testsuite hostname="Chaithra-Kota5" failures="0" tests="1" name="com.AppiumFramework.script.Calendar" time="75.106" errors="0" timestamp="05 Feb 2020 05:36:47 GMT" skipped="0">
  <testcase classname="com.AppiumFramework.script.Calendar" name="main" time="75.106"/>
</testsuite> <!-- com.AppiumFramework.script.Calendar -->
