<?xml version="1.0" encoding="UTF-8"?>
<!-- Generated by org.testng.reporters.JUnitReportReporter -->
<testsuite hostname="Chaithra-Kota5" failures="0" tests="1" name="com.AppiumFramework.script.Calender2" time="84.210" errors="0" timestamp="03 Nov 2019 10:58:23 GMT" skipped="0">
  <testcase classname="com.AppiumFramework.script.Calender2" name="main" time="84.210"/>
</testsuite> <!-- com.AppiumFramework.script.Calender2 -->
