<?xml version="1.0" encoding="UTF-8"?>
<!-- Generated by org.testng.reporters.JUnitReportReporter -->
<testsuite hostname="Chaithra-Kota5" failures="0" tests="1" name="com.AppiumFramework.script.SIVVI" time="45.559" errors="0" timestamp="01 Dec 2019 07:22:28 GMT" skipped="0">
  <testcase classname="com.AppiumFramework.script.SIVVI" name="sivviScript" time="45.559"/>
</testsuite> <!-- com.AppiumFramework.script.SIVVI -->
