<?xml version="1.0" encoding="UTF-8"?>
<!-- Generated by org.testng.reporters.JUnitReportReporter -->
<testsuite hostname="Chaithra-Kota5" failures="0" tests="1" name="com.AppiumFramework.script.DragandDrop" time="17.987" errors="0" timestamp="23 Oct 2019 05:39:41 GMT" skipped="0">
  <testcase classname="com.AppiumFramework.script.DragandDrop" name="main" time="17.987"/>
</testsuite> <!-- com.AppiumFramework.script.DragandDrop -->
