<?xml version="1.0" encoding="UTF-8"?>
<!-- Generated by org.testng.reporters.JUnitReportReporter -->
<testsuite hostname="Chaithra-Kota5" failures="0" tests="1" name="com.AppiumFramework.script.Calendar1" time="16.904" errors="0" timestamp="22 Oct 2019 10:00:10 GMT" skipped="0">
  <testcase classname="com.AppiumFramework.script.Calendar1" name="main" time="16.904"/>
</testsuite> <!-- com.AppiumFramework.script.Calendar1 -->
