<?xml version="1.0" encoding="UTF-8"?>
<!-- Generated by org.testng.reporters.JUnitReportReporter -->
<testsuite hostname="Chaithra-Kota5" failures="0" tests="1" name="com.AppiumFramework.script.Bluestone1" time="22.214" errors="0" timestamp="04 Nov 2019 06:32:58 GMT" skipped="0">
  <testcase classname="com.AppiumFramework.script.Bluestone1" name="main" time="22.214"/>
</testsuite> <!-- com.AppiumFramework.script.Bluestone1 -->
