<?xml version="1.0" encoding="UTF-8"?>
<!-- Generated by org.testng.reporters.JUnitReportReporter -->
<testsuite hostname="Chaithra-Kota5" failures="0" tests="1" name="com.AppiumFramework.script.Calendar" time="14.473" errors="0" timestamp="29 Nov 2019 11:07:16 GMT" skipped="0">
  <testcase classname="com.AppiumFramework.script.Calendar" name="main" time="14.473"/>
</testsuite> <!-- com.AppiumFramework.script.Calendar -->
